2025-03-01 13:34:17,228 INFO: Iniciando aplicação de combinações [in J:\Meu Drive\ProjetosPython\Loterias\Combinacoes\Combinacao-I\app.py:60]
2025-03-01 13:34:20,482 INFO: Iniciando aplicação de combinações [in J:\Meu Drive\ProjetosPython\Loterias\Combinacoes\Combinacao-I\app.py:60]
2025-03-01 13:34:48,614 INFO: Calculando combinações para números: 0,1,2,3,4,5,6,7,8,9, tamanho: 2 [in J:\Meu Drive\ProjetosPython\Loterias\Combinacoes\Combinacao-I\app.py:94]
2025-03-01 13:34:48,617 INFO: Geradas 99 combinações, 60 após filtrar números > 60 [in J:\Meu Drive\ProjetosPython\Loterias\Combinacoes\Combinacao-I\app.py:130]
2025-03-01 13:34:53,626 INFO: Gerando palpites para a Mega Sena. Total: 10, Página: 1, Itens: 100 [in J:\Meu Drive\ProjetosPython\Loterias\Combinacoes\Combinacao-I\app.py:305]
2025-03-01 13:34:53,635 INFO: Gerados 10 palpites em 0.00 segundos [in J:\Meu Drive\ProjetosPython\Loterias\Combinacoes\Combinacao-I\app.py:333]
2025-03-01 13:35:01,007 INFO: Gerando palpites para a Mega Sena. Total: 10, Página: 1, Itens: 100 [in J:\Meu Drive\ProjetosPython\Loterias\Combinacoes\Combinacao-I\app.py:305]
2025-03-01 13:35:01,013 INFO: Gerados 10 palpites em 0.00 segundos [in J:\Meu Drive\ProjetosPython\Loterias\Combinacoes\Combinacao-I\app.py:333]
2025-03-01 13:35:33,650 INFO: Gerando palpites para a Mega Sena. Total: 186, Página: 1, Itens: 100 [in J:\Meu Drive\ProjetosPython\Loterias\Combinacoes\Combinacao-I\app.py:305]
2025-03-01 13:35:33,665 INFO: Gerados 186 palpites em 0.01 segundos [in J:\Meu Drive\ProjetosPython\Loterias\Combinacoes\Combinacao-I\app.py:333]
2025-03-01 13:35:39,210 INFO: Gerando palpites para a Mega Sena. Total: 186, Página: 1, Itens: 100 [in J:\Meu Drive\ProjetosPython\Loterias\Combinacoes\Combinacao-I\app.py:305]
2025-03-01 13:35:39,230 INFO: Gerados 186 palpites em 0.01 segundos [in J:\Meu Drive\ProjetosPython\Loterias\Combinacoes\Combinacao-I\app.py:333]
2025-03-01 13:36:11,856 INFO: Gerando palpites para a Mega Sena. Total: 105361, Página: 1, Itens: 100 [in J:\Meu Drive\ProjetosPython\Loterias\Combinacoes\Combinacao-I\app.py:305]
2025-03-01 13:36:25,258 INFO: Gerados 105361 palpites em 13.40 segundos [in J:\Meu Drive\ProjetosPython\Loterias\Combinacoes\Combinacao-I\app.py:333]
2025-03-01 13:36:58,512 INFO: Gerando palpites para a Mega Sena. Total: 105361, Página: 1, Itens: 100 [in J:\Meu Drive\ProjetosPython\Loterias\Combinacoes\Combinacao-I\app.py:305]
2025-03-01 13:37:11,606 INFO: Gerados 105361 palpites em 13.09 segundos [in J:\Meu Drive\ProjetosPython\Loterias\Combinacoes\Combinacao-I\app.py:333]
2025-03-01 13:37:28,076 INFO: Gerando palpites para a Mega Sena. Total: 105361, Página: 2, Itens: 100 [in J:\Meu Drive\ProjetosPython\Loterias\Combinacoes\Combinacao-I\app.py:305]
2025-03-01 13:37:41,461 INFO: Gerados 105361 palpites em 13.38 segundos [in J:\Meu Drive\ProjetosPython\Loterias\Combinacoes\Combinacao-I\app.py:333]
2025-03-01 13:38:07,773 INFO: Gerando palpites para a Mega Sena. Total: 105361, Página: 3, Itens: 100 [in J:\Meu Drive\ProjetosPython\Loterias\Combinacoes\Combinacao-I\app.py:305]
2025-03-01 13:38:21,094 INFO: Gerados 105361 palpites em 13.32 segundos [in J:\Meu Drive\ProjetosPython\Loterias\Combinacoes\Combinacao-I\app.py:333]
